2012-12-19 16:01:40 Error response. Order ID 33
2012-12-20 10:15:49 Error response. Order ID 34
2012-12-20 11:15:36 
2012-12-20 11:39:24 #004 - Error payment method id. Order id 0
2012-12-20 11:39:55 #004 - Error payment method id. Order id 0
2012-12-20 11:42:25 #004 - Error payment method id. Order id 0
2012-12-20 11:44:32 Error response. Order ID 36
2012-12-20 11:52:12 Error response. Order ID 37
2012-12-20 11:53:34 #001 - Error payment method file. PM pm_paypal.php
2012-12-20 11:53:38 #001 - Error payment method file. PM pm_paypal.php
2012-12-20 11:53:41 #001 - Error payment method file. PM pm_paypal.php
2012-12-20 11:53:45 #001 - Error payment method file. PM pm_paypal.php
2012-12-20 11:55:10 #004 - Error payment method id. Order id 0
2012-12-20 11:57:57 Error response. Order ID 38
2012-12-20 12:08:55 Error response. Order ID 39
2012-12-20 12:13:14 Error response. Order ID 40
2012-12-20 12:18:02 grg - Error response. Order ID 41
2012-12-20 12:22:28 Error response. Order ID 42
2012-12-20 12:25:42 Error response. Order ID 43
2012-12-20 12:28:28 Error response. Order ID 44
2012-12-20 12:32:25 Error response. Order ID 45
